<?xml version="1.0" encoding="UTF-8"?>
<!-- Generated by org.testng.reporters.JUnitReportReporter -->
<testsuite hostname="amit" failures="0" tests="2" name="Lohout.Cont" time="9.054" errors="0" timestamp="2024-03-07T17:30:20 IST" skipped="0">
  <testcase classname="Lohout.Cont" name="lung" time="5.238"/>
  <testcase classname="Lohout.Cont" name="title" time="3.816"/>
</testsuite> <!-- Lohout.Cont -->
